c:\users\ran_the_user\documents\github\3drobot\camera3d\camera3d\debug\vc140.pdb
c:\users\ran_the_user\documents\github\3drobot\camera3d\camera3d\debug\vc140.idb
c:\users\ran_the_user\documents\github\3drobot\camera3d\camera3d\debug\stereocalibrate.obj
c:\users\ran_the_user\documents\github\3drobot\camera3d\camera3d\debug\mainfile.obj
c:\users\ran_the_user\documents\github\3drobot\camera3d\camera3d\debug\pwm.obj
c:\users\ran_the_user\documents\github\3drobot\camera3d\camera3d\debug\stereo_calibrate_from_pushbroom.obj
c:\users\ran_the_user\documents\github\3drobot\camera3d\camera3d\debug\stereo_calib.obj
c:\users\ran_the_user\documents\github\3drobot\camera3d\debug\camera3d.ilk
c:\users\ran_the_user\documents\github\3drobot\camera3d\debug\camera3d.exe
c:\users\ran_the_user\documents\github\3drobot\camera3d\debug\camera3d.pdb
c:\users\ran_the_user\documents\github\3drobot\camera3d\camera3d\debug\camera3d.tlog\cl.command.1.tlog
c:\users\ran_the_user\documents\github\3drobot\camera3d\camera3d\debug\camera3d.tlog\cl.read.1.tlog
c:\users\ran_the_user\documents\github\3drobot\camera3d\camera3d\debug\camera3d.tlog\cl.write.1.tlog
c:\users\ran_the_user\documents\github\3drobot\camera3d\camera3d\debug\camera3d.tlog\link.10108-cvtres.read.1.tlog
c:\users\ran_the_user\documents\github\3drobot\camera3d\camera3d\debug\camera3d.tlog\link.10108-cvtres.write.1.tlog
c:\users\ran_the_user\documents\github\3drobot\camera3d\camera3d\debug\camera3d.tlog\link.10108-rc.read.1.tlog
c:\users\ran_the_user\documents\github\3drobot\camera3d\camera3d\debug\camera3d.tlog\link.10108-rc.write.1.tlog
c:\users\ran_the_user\documents\github\3drobot\camera3d\camera3d\debug\camera3d.tlog\link.10108.read.1.tlog
c:\users\ran_the_user\documents\github\3drobot\camera3d\camera3d\debug\camera3d.tlog\link.10108.write.1.tlog
c:\users\ran_the_user\documents\github\3drobot\camera3d\camera3d\debug\camera3d.tlog\link.command.1.tlog
c:\users\ran_the_user\documents\github\3drobot\camera3d\camera3d\debug\camera3d.tlog\link.read.1.tlog
c:\users\ran_the_user\documents\github\3drobot\camera3d\camera3d\debug\camera3d.tlog\link.write.1.tlog
